2025-03-27 06:27:08 - [Local] simple.txt.txt (text/plain) -> Text
2025-03-27 06:27:12 - [Local] AI Patent2.docx (application/vnd.openxmlformats-officedocument.wordprocessingml.document) -> Document
2025-03-27 06:27:12 - [Local] WhatsApp Image 2025-03-19 at 11.20.38_13d5eded.jpg (image/jpeg) -> Image
2025-03-27 06:27:12 - [Local] activity 6.pdf (application/pdf) -> Document
2025-03-27 06:27:12 - [Local] daa mt1.jpg (image/jpeg) -> Image
2025-03-27 06:27:12 - [Local] simple.txt.txt (text/plain) -> Text
2025-03-28 06:39:26 - [Local] AI Patent2.docx (application/vnd.openxmlformats-officedocument.wordprocessingml.document) -> Document
2025-03-28 06:39:26 - [Local] WhatsApp Image 2025-03-19 at 11.20.38_13d5eded.jpg (image/jpeg) -> Image
2025-03-28 06:39:26 - [Local] activity 6.pdf (application/pdf) -> Document
2025-03-28 06:39:26 - [Local] daa mt1.jpg (image/jpeg) -> Image
2025-03-28 06:39:26 - [Local] simple.txt.txt (text/plain) -> Text
2025-03-28 06:41:23 - [Local] AI Patent2.docx (application/vnd.openxmlformats-officedocument.wordprocessingml.document) -> Document
2025-03-28 06:41:23 - [Local] WhatsApp Image 2025-03-19 at 11.20.38_13d5eded.jpg (image/jpeg) -> Image
2025-03-28 06:41:23 - [Local] activity 6.pdf (application/pdf) -> Document
2025-03-28 06:41:23 - [Local] daa mt1.jpg (image/jpeg) -> Image
2025-03-28 06:41:23 - [Local] simple.txt.txt (text/plain) -> Text
2025-03-28 06:41:37 - [Local] AI Patent2.docx (application/vnd.openxmlformats-officedocument.wordprocessingml.document) -> Document
2025-03-28 06:41:37 - [Local] WhatsApp Image 2025-03-19 at 11.20.38_13d5eded.jpg (image/jpeg) -> Image
2025-03-28 06:41:37 - [Local] activity 6.pdf (application/pdf) -> Document
2025-03-28 06:41:37 - [Local] daa mt1.jpg (image/jpeg) -> Image
2025-03-28 06:41:37 - [Local] simple.txt.txt (text/plain) -> Text
2025-03-28 06:42:01 - [Local] AI Patent2.docx (application/vnd.openxmlformats-officedocument.wordprocessingml.document) -> Document
2025-03-28 06:42:01 - [Local] WhatsApp Image 2025-03-19 at 11.20.38_13d5eded.jpg (image/jpeg) -> Image
2025-03-28 06:42:01 - [Local] activity 6.pdf (application/pdf) -> Document
2025-03-28 06:42:01 - [Local] daa mt1.jpg (image/jpeg) -> Image
2025-03-28 06:42:01 - [Local] simple.txt.txt (text/plain) -> Text
2025-03-28 06:52:13 - [Local] AI Patent2.docx (application/vnd.openxmlformats-officedocument.wordprocessingml.document) -> Document
2025-03-28 06:52:23 - [Local] AI Patent2.docx (application/vnd.openxmlformats-officedocument.wordprocessingml.document) -> Document
2025-03-28 06:52:23 - [Local] WhatsApp Image 2025-03-19 at 11.20.38_13d5eded.jpg (image/jpeg) -> Image
2025-03-28 06:52:23 - [Local] activity 6.pdf (application/pdf) -> Document
2025-03-28 06:52:23 - [Local] daa mt1.jpg (image/jpeg) -> Image
2025-03-28 06:52:23 - [Local] simple.txt.txt (text/plain) -> Text
2025-03-28 06:56:50 - [Local] AI Patent2.docx (application/vnd.openxmlformats-officedocument.wordprocessingml.document) -> Document
2025-03-28 06:56:50 - [Local] WhatsApp Image 2025-03-19 at 11.20.38_13d5eded.jpg (image/jpeg) -> Image
2025-03-28 06:56:50 - [Local] activity 6.pdf (application/pdf) -> Document
2025-03-28 06:56:50 - [Local] daa mt1.jpg (image/jpeg) -> Image
2025-03-28 06:56:50 - [Local] simple.txt.txt (text/plain) -> Text
2025-03-28 06:56:53 - [Local] AI Patent2.docx (application/vnd.openxmlformats-officedocument.wordprocessingml.document) -> Document
2025-03-28 06:56:53 - [Local] WhatsApp Image 2025-03-19 at 11.20.38_13d5eded.jpg (image/jpeg) -> Image
2025-03-28 06:56:53 - [Local] activity 6.pdf (application/pdf) -> Document
2025-03-28 06:56:53 - [Local] daa mt1.jpg (image/jpeg) -> Image
2025-03-28 06:56:53 - [Local] simple.txt.txt (text/plain) -> Text
2025-03-28 06:56:53 - [Local] AI Patent2.docx (application/vnd.openxmlformats-officedocument.wordprocessingml.document) -> Document
2025-03-28 06:56:53 - [Local] WhatsApp Image 2025-03-19 at 11.20.38_13d5eded.jpg (image/jpeg) -> Image
2025-03-28 06:56:53 - [Local] activity 6.pdf (application/pdf) -> Document
2025-03-28 06:56:53 - [Local] daa mt1.jpg (image/jpeg) -> Image
2025-03-28 06:56:53 - [Local] simple.txt.txt (text/plain) -> Text
2025-03-28 06:56:53 - [Local] AI Patent2.docx (application/vnd.openxmlformats-officedocument.wordprocessingml.document) -> Document
2025-03-28 06:56:53 - [Local] WhatsApp Image 2025-03-19 at 11.20.38_13d5eded.jpg (image/jpeg) -> Image
2025-03-28 06:56:53 - [Local] activity 6.pdf (application/pdf) -> Document
2025-03-28 06:56:53 - [Local] daa mt1.jpg (image/jpeg) -> Image
2025-03-28 06:56:53 - [Local] simple.txt.txt (text/plain) -> Text
2025-03-28 06:56:53 - [Local] AI Patent2.docx (application/vnd.openxmlformats-officedocument.wordprocessingml.document) -> Document
2025-03-28 06:56:53 - [Local] WhatsApp Image 2025-03-19 at 11.20.38_13d5eded.jpg (image/jpeg) -> Image
2025-03-28 06:56:53 - [Local] activity 6.pdf (application/pdf) -> Document
2025-03-28 06:56:53 - [Local] daa mt1.jpg (image/jpeg) -> Image
2025-03-28 06:56:53 - [Local] simple.txt.txt (text/plain) -> Text
2025-03-28 06:56:53 - [Local] AI Patent2.docx (application/vnd.openxmlformats-officedocument.wordprocessingml.document) -> Document
2025-03-28 06:56:53 - [Local] WhatsApp Image 2025-03-19 at 11.20.38_13d5eded.jpg (image/jpeg) -> Image
2025-03-28 06:56:53 - [Local] activity 6.pdf (application/pdf) -> Document
2025-03-28 06:56:53 - [Local] daa mt1.jpg (image/jpeg) -> Image
2025-03-28 06:56:53 - [Local] simple.txt.txt (text/plain) -> Text
2025-03-28 06:56:54 - [Local] AI Patent2.docx (application/vnd.openxmlformats-officedocument.wordprocessingml.document) -> Document
2025-03-28 06:56:54 - [Local] WhatsApp Image 2025-03-19 at 11.20.38_13d5eded.jpg (image/jpeg) -> Image
2025-03-28 06:56:54 - [Local] activity 6.pdf (application/pdf) -> Document
2025-03-28 06:56:54 - [Local] daa mt1.jpg (image/jpeg) -> Image
2025-03-28 06:56:54 - [Local] simple.txt.txt (text/plain) -> Text
2025-03-28 06:56:54 - [Local] AI Patent2.docx (application/vnd.openxmlformats-officedocument.wordprocessingml.document) -> Document
2025-03-28 06:56:54 - [Local] WhatsApp Image 2025-03-19 at 11.20.38_13d5eded.jpg (image/jpeg) -> Image
2025-03-28 06:56:54 - [Local] activity 6.pdf (application/pdf) -> Document
2025-03-28 06:56:54 - [Local] daa mt1.jpg (image/jpeg) -> Image
2025-03-28 06:56:54 - [Local] simple.txt.txt (text/plain) -> Text
2025-03-28 06:57:14 - [Local] AI Patent2.docx (application/vnd.openxmlformats-officedocument.wordprocessingml.document) -> Document
2025-03-28 06:57:14 - [Local] WhatsApp Image 2025-03-19 at 11.20.38_13d5eded.jpg (image/jpeg) -> Image
2025-03-28 06:57:14 - [Local] activity 6.pdf (application/pdf) -> Document
2025-03-28 06:57:14 - [Local] daa mt1.jpg (image/jpeg) -> Image
2025-03-28 06:57:14 - [Local] simple.txt.txt (text/plain) -> Text
2025-03-28 07:00:27 - [Local] AI Patent2.docx (application/vnd.openxmlformats-officedocument.wordprocessingml.document) -> Document
2025-03-28 07:00:27 - [Local] WhatsApp Image 2025-03-19 at 11.20.38_13d5eded.jpg (image/jpeg) -> Image
2025-03-28 07:00:27 - [Local] activity 6.pdf (application/pdf) -> Document
2025-03-28 07:00:27 - [Local] daa mt1.jpg (image/jpeg) -> Image
2025-03-28 07:00:27 - [Local] simple.txt.txt (text/plain) -> Text
2025-03-28 07:03:17 - [Local] AI Patent2.docx (application/vnd.openxmlformats-officedocument.wordprocessingml.document) -> Document
2025-03-28 07:03:17 - [Local] WhatsApp Image 2025-03-19 at 11.20.38_13d5eded.jpg (image/jpeg) -> Image
2025-03-28 07:03:17 - [Local] activity 6.pdf (application/pdf) -> Document
2025-03-28 07:03:17 - [Local] daa mt1.jpg (image/jpeg) -> Image
2025-03-28 07:03:17 - [Local] simple.txt.txt (text/plain) -> Text
2025-03-28 07:04:46 - [Local] AI Patent2.docx (application/vnd.openxmlformats-officedocument.wordprocessingml.document) -> Document
2025-03-28 07:04:46 - [Local] WhatsApp Image 2025-03-19 at 11.20.38_13d5eded.jpg (image/jpeg) -> Image
2025-03-28 07:04:46 - [Local] activity 6.pdf (application/pdf) -> Document
2025-03-28 07:04:46 - [Local] daa mt1.jpg (image/jpeg) -> Image
2025-03-28 07:04:46 - [Local] simple.txt.txt (text/plain) -> Text
2025-03-28 07:07:49 - [Local] AI Patent2.docx (application/vnd.openxmlformats-officedocument.wordprocessingml.document) -> Document
2025-03-28 07:07:49 - [Local] WhatsApp Image 2025-03-19 at 11.20.38_13d5eded.jpg (image/jpeg) -> Image
2025-03-28 07:07:49 - [Local] activity 6.pdf (application/pdf) -> Document
2025-03-28 07:07:49 - [Local] daa mt1.jpg (image/jpeg) -> Image
2025-03-28 07:07:49 - [Local] simple.txt.txt (text/plain) -> Text
2025-03-28 07:08:11 - [Local] AI Patent2.docx (application/vnd.openxmlformats-officedocument.wordprocessingml.document) -> Document
2025-03-28 07:08:11 - [Local] WhatsApp Image 2025-03-19 at 11.20.38_13d5eded.jpg (image/jpeg) -> Image
2025-03-28 07:08:11 - [Local] activity 6.pdf (application/pdf) -> Document
2025-03-28 07:08:11 - [Local] daa mt1.jpg (image/jpeg) -> Image
2025-03-28 07:08:11 - [Local] simple.txt.txt (text/plain) -> Text
2025-03-28 07:18:10 - [Local] AI Patent2.docx (application/vnd.openxmlformats-officedocument.wordprocessingml.document) -> Document
2025-03-28 07:18:10 - [Local] WhatsApp Image 2025-03-19 at 11.20.38_13d5eded.jpg (image/jpeg) -> Image
2025-03-28 07:18:10 - [Local] activity 6.pdf (application/pdf) -> Document
2025-03-28 07:18:10 - [Local] daa mt1.jpg (image/jpeg) -> Image
2025-03-28 07:18:10 - [Local] simple.txt.txt (text/plain) -> Text
2025-03-28 07:18:20 - [Local] AI Patent2.docx (application/vnd.openxmlformats-officedocument.wordprocessingml.document) -> Document
2025-03-28 07:18:20 - [Local] WhatsApp Image 2025-03-19 at 11.20.38_13d5eded.jpg (image/jpeg) -> Image
2025-03-28 07:18:20 - [Local] activity 6.pdf (application/pdf) -> Document
2025-03-28 07:18:20 - [Local] daa mt1.jpg (image/jpeg) -> Image
2025-03-28 07:18:20 - [Local] simple.txt.txt (text/plain) -> Text
2025-03-28 07:20:19 - [Local] AI Patent2.docx (application/vnd.openxmlformats-officedocument.wordprocessingml.document) -> Document
2025-03-28 07:20:19 - [Local] WhatsApp Image 2025-03-19 at 11.20.38_13d5eded.jpg (image/jpeg) -> Image
2025-03-28 07:20:19 - [Local] activity 6.pdf (application/pdf) -> Document
2025-03-28 07:20:19 - [Local] daa mt1.jpg (image/jpeg) -> Image
2025-03-28 07:20:19 - [Local] simple.txt.txt (text/plain) -> Text
2025-03-28 07:20:36 - [Local] AI Patent2.docx (application/vnd.openxmlformats-officedocument.wordprocessingml.document) -> Document
2025-03-28 07:20:36 - [Local] WhatsApp Image 2025-03-19 at 11.20.38_13d5eded.jpg (image/jpeg) -> Image
2025-03-28 07:20:36 - [Local] activity 6.pdf (application/pdf) -> Document
2025-03-28 07:20:36 - [Local] daa mt1.jpg (image/jpeg) -> Image
2025-03-28 07:20:36 - [Local] simple.txt.txt (text/plain) -> Text
2025-03-28 07:21:04 - [Local] AI Patent2.docx (application/vnd.openxmlformats-officedocument.wordprocessingml.document) -> Document
2025-03-28 07:21:04 - [Local] WhatsApp Image 2025-03-19 at 11.20.38_13d5eded.jpg (image/jpeg) -> Image
2025-03-28 07:21:04 - [Local] activity 6.pdf (application/pdf) -> Document
2025-03-28 07:21:04 - [Local] daa mt1.jpg (image/jpeg) -> Image
2025-03-28 07:21:04 - [Local] simple.txt.txt (text/plain) -> Text
